This file contains any messages produced by compilers while
running configure, to aid debugging if configure makes a mistake.

It was created by m4ri configure 20200125, which was
generated by GNU Autoconf 2.69.  Invocation command line was

  $ ./configure --enable-openmp

## --------- ##
## Platform. ##
## --------- ##

hostname = portable-polytech
uname -m = x86_64
uname -r = 5.4.0-135-generic
uname -s = Linux
uname -v = #152-Ubuntu SMP Wed Nov 23 20:19:22 UTC 2022

/usr/bin/uname -p = unknown
/bin/uname -X     = unknown

/bin/arch              = unknown
/usr/bin/arch -k       = unknown
/usr/convex/getsysinfo = unknown
/usr/bin/hostinfo      = unknown
/bin/machine           = unknown
/usr/bin/oslevel       = unknown
/bin/universe          = unknown

PATH: /home/portable014/.local/bin
PATH: /home/portable014/.local/bin
PATH: /usr/local/sbin
PATH: /usr/local/bin
PATH: /usr/sbin
PATH: /usr/bin
PATH: /sbin
PATH: /bin
PATH: /usr/games
PATH: /usr/local/games
PATH: /snap/bin


## ----------- ##
## Core tests. ##
## ----------- ##

configure:2320: checking build system type
configure:2334: result: x86_64-pc-linux-gnu
configure:2354: checking host system type
configure:2367: result: x86_64-pc-linux-gnu
configure:2406: checking for a BSD-compatible install
configure:2474: result: /usr/bin/install -c
configure:2485: checking whether build environment is sane
configure:2540: result: yes
configure:2689: checking for a thread-safe mkdir -p
configure:2728: result: /bin/mkdir -p
configure:2735: checking for gawk
configure:2765: result: no
configure:2735: checking for mawk
configure:2751: found /usr/bin/mawk
configure:2762: result: mawk
configure:2773: checking whether make sets $(MAKE)
configure:2795: result: yes
configure:2824: checking whether make supports nested variables
configure:2841: result: yes
configure:2969: checking whether to enable maintainer-specific portions of Makefiles
configure:2978: result: no
configure:2998: checking whether make supports the include directive
configure:3013: make -f confmf.GNU && cat confinc.out
this is the am__doit target
configure:3016: $? = 0
configure:3035: result: yes (GNU style)
configure:3105: checking for gcc
configure:3121: found /usr/bin/gcc
configure:3132: result: gcc
configure:3361: checking for C compiler version
configure:3370: gcc --version >&5
gcc (Ubuntu 9.4.0-1ubuntu1~20.04.1) 9.4.0
Copyright (C) 2019 Free Software Foundation, Inc.
This is free software; see the source for copying conditions.  There is NO
warranty; not even for MERCHANTABILITY or FITNESS FOR A PARTICULAR PURPOSE.

configure:3381: $? = 0
configure:3370: gcc -v >&5
Using built-in specs.
COLLECT_GCC=gcc
COLLECT_LTO_WRAPPER=/usr/lib/gcc/x86_64-linux-gnu/9/lto-wrapper
OFFLOAD_TARGET_NAMES=nvptx-none:hsa
OFFLOAD_TARGET_DEFAULT=1
Target: x86_64-linux-gnu
Configured with: ../src/configure -v --with-pkgversion='Ubuntu 9.4.0-1ubuntu1~20.04.1' --with-bugurl=file:///usr/share/doc/gcc-9/README.Bugs --enable-languages=c,ada,c++,go,brig,d,fortran,objc,obj-c++,gm2 --prefix=/usr --with-gcc-major-version-only --program-suffix=-9 --program-prefix=x86_64-linux-gnu- --enable-shared --enable-linker-build-id --libexecdir=/usr/lib --without-included-gettext --enable-threads=posix --libdir=/usr/lib --enable-nls --enable-clocale=gnu --enable-libstdcxx-debug --enable-libstdcxx-time=yes --with-default-libstdcxx-abi=new --enable-gnu-unique-object --disable-vtable-verify --enable-plugin --enable-default-pie --with-system-zlib --with-target-system-zlib=auto --enable-objc-gc=auto --enable-multiarch --disable-werror --with-arch-32=i686 --with-abi=m64 --with-multilib-list=m32,m64,mx32 --enable-multilib --with-tune=generic --enable-offload-targets=nvptx-none=/build/gcc-9-Av3uEd/gcc-9-9.4.0/debian/tmp-nvptx/usr,hsa --without-cuda-driver --enable-checking=release --build=x86_64-linux-gnu --host=x86_64-linux-gnu --target=x86_64-linux-gnu
Thread model: posix
gcc version 9.4.0 (Ubuntu 9.4.0-1ubuntu1~20.04.1) 
configure:3381: $? = 0
configure:3370: gcc -V >&5
gcc: error: unrecognized command line option '-V'
gcc: fatal error: no input files
compilation terminated.
configure:3381: $? = 1
configure:3370: gcc -qversion >&5
gcc: error: unrecognized command line option '-qversion'; did you mean '--version'?
gcc: fatal error: no input files
compilation terminated.
configure:3381: $? = 1
configure:3401: checking whether the C compiler works
configure:3423: gcc    conftest.c  >&5
configure:3427: $? = 0
configure:3475: result: yes
configure:3478: checking for C compiler default output file name
configure:3480: result: a.out
configure:3486: checking for suffix of executables
configure:3493: gcc -o conftest    conftest.c  >&5
configure:3497: $? = 0
configure:3519: result: 
configure:3541: checking whether we are cross compiling
configure:3549: gcc -o conftest    conftest.c  >&5
configure:3553: $? = 0
configure:3560: ./conftest
configure:3564: $? = 0
configure:3552: result: no
configure:3557: checking for suffix of object files
configure:3579: gcc -c   conftest.c >&5
configure:3583: $? = 0
configure:3604: result: o
configure:3608: checking whether we are using the GNU C compiler
configure:3627: gcc -c   conftest.c >&5
configure:3627: $? = 0
configure:3636: result: yes
configure:3645: checking whether gcc accepts -g
configure:3665: gcc -c -g  conftest.c >&5
configure:3665: $? = 0
configure:3706: result: yes
configure:3723: checking for gcc option to accept ISO C89
configure:3786: gcc  -c -g -O2  conftest.c >&5
configure:3786: $? = 0
configure:3799: result: none needed
configure:3824: checking whether gcc understands -c and -o together
configure:3846: gcc -c conftest.c -o conftest2.o
configure:3849: $? = 0
configure:3846: gcc -c conftest.c -o conftest2.o
configure:3849: $? = 0
configure:3861: result: yes
configure:3880: checking dependency style of gcc
configure:3991: result: gcc3
configure:4054: checking how to print strings
configure:4081: result: printf
configure:4102: checking for a sed that does not truncate output
configure:4166: result: /bin/sed
configure:4184: checking for grep that handles long lines and -e
configure:4242: result: /bin/grep
configure:4247: checking for egrep
configure:4309: result: /bin/grep -E
configure:4314: checking for fgrep
configure:4376: result: /bin/grep -F
configure:4411: checking for ld used by gcc
configure:4478: result: /usr/bin/ld
configure:4485: checking if the linker (/usr/bin/ld) is GNU ld
configure:4500: result: yes
configure:4512: checking for BSD- or MS-compatible name lister (nm)
configure:4566: result: /usr/bin/nm -B
configure:4696: checking the name lister (/usr/bin/nm -B) interface
configure:4703: gcc -c -g -O2  conftest.c >&5
configure:4706: /usr/bin/nm -B "conftest.o"
configure:4709: output
0000000000000000 B some_variable
configure:4710: result: BSD nm
configure:4713: checking whether ln -s works
configure:4717: result: yes
configure:4725: checking the maximum length of command line arguments
configure:4856: result: 1572864
configure:4904: checking how to convert x86_64-pc-linux-gnu file names to x86_64-pc-linux-gnu format
configure:4944: result: func_convert_file_noop
configure:4951: checking how to convert x86_64-pc-linux-gnu file names to toolchain format
configure:4971: result: func_convert_file_noop
configure:4978: checking for /usr/bin/ld option to reload object files
configure:4985: result: -r
configure:5059: checking for objdump
configure:5075: found /usr/bin/objdump
configure:5086: result: objdump
configure:5118: checking how to recognize dependent libraries
configure:5318: result: pass_all
configure:5403: checking for dlltool
configure:5433: result: no
configure:5463: checking how to associate runtime and link libraries
configure:5490: result: printf %s\n
configure:5551: checking for ar
configure:5567: found /usr/bin/ar
configure:5578: result: ar
configure:5615: checking for archiver @FILE support
configure:5632: gcc -c -g -O2  conftest.c >&5
configure:5632: $? = 0
configure:5635: ar cr libconftest.a @conftest.lst >&5
configure:5638: $? = 0
configure:5643: ar cr libconftest.a @conftest.lst >&5
ar: conftest.o: No such file or directory
configure:5646: $? = 1
configure:5645: result: @
configure:5703: checking for strip
configure:5719: found /usr/bin/strip
configure:5730: result: strip
configure:5802: checking for ranlib
configure:5818: found /usr/bin/ranlib
configure:5829: result: ranlib
configure:5931: checking command to parse /usr/bin/nm -B output from gcc object
configure:6084: gcc -c -g -O2  conftest.c >&5
configure:6087: $? = 0
configure:6091: /usr/bin/nm -B conftest.o | sed -n -e 's/^.*[	 ]\([ABCDGIRSTW][ABCDGIRSTW]*\)[	 ][	 ]*\([_A-Za-z][_A-Za-z0-9]*\)$/\1 \2 \2/p' | sed '/ __gnu_lto/d' > conftest.nm
configure:6157: gcc -o conftest -g -O2   conftest.c conftstm.o >&5
configure:6160: $? = 0
configure:6198: result: ok
configure:6245: checking for sysroot
configure:6275: result: no
configure:6282: checking for a working dd
configure:6320: result: /bin/dd
configure:6324: checking how to truncate binary pipes
configure:6339: result: /bin/dd bs=4096 count=1
configure:6475: gcc -c -g -O2  conftest.c >&5
configure:6478: $? = 0
configure:6668: checking for mt
configure:6684: found /bin/mt
configure:6695: result: mt
configure:6718: checking if mt is a manifest tool
configure:6724: mt '-?'
configure:6732: result: no
configure:7409: checking how to run the C preprocessor
configure:7440: gcc -E  conftest.c
configure:7440: $? = 0
configure:7454: gcc -E  conftest.c
conftest.c:11:10: fatal error: ac_nonexistent.h: No such file or directory
   11 | #include <ac_nonexistent.h>
      |          ^~~~~~~~~~~~~~~~~~
compilation terminated.
configure:7454: $? = 1
configure: failed program was:
| /* confdefs.h */
| #define PACKAGE_NAME "m4ri"
| #define PACKAGE_TARNAME "m4ri"
| #define PACKAGE_VERSION "20200125"
| #define PACKAGE_STRING "m4ri 20200125"
| #define PACKAGE_BUGREPORT ""
| #define PACKAGE_URL ""
| #define PACKAGE "m4ri"
| #define VERSION "20200125"
| /* end confdefs.h.  */
| #include <ac_nonexistent.h>
configure:7479: result: gcc -E
configure:7499: gcc -E  conftest.c
configure:7499: $? = 0
configure:7513: gcc -E  conftest.c
conftest.c:11:10: fatal error: ac_nonexistent.h: No such file or directory
   11 | #include <ac_nonexistent.h>
      |          ^~~~~~~~~~~~~~~~~~
compilation terminated.
configure:7513: $? = 1
configure: failed program was:
| /* confdefs.h */
| #define PACKAGE_NAME "m4ri"
| #define PACKAGE_TARNAME "m4ri"
| #define PACKAGE_VERSION "20200125"
| #define PACKAGE_STRING "m4ri 20200125"
| #define PACKAGE_BUGREPORT ""
| #define PACKAGE_URL ""
| #define PACKAGE "m4ri"
| #define VERSION "20200125"
| /* end confdefs.h.  */
| #include <ac_nonexistent.h>
configure:7542: checking for ANSI C header files
configure:7562: gcc -c -g -O2  conftest.c >&5
configure:7562: $? = 0
configure:7635: gcc -o conftest -g -O2   conftest.c  >&5
configure:7635: $? = 0
configure:7635: ./conftest
configure:7635: $? = 0
configure:7646: result: yes
configure:7659: checking for sys/types.h
configure:7659: gcc -c -g -O2  conftest.c >&5
configure:7659: $? = 0
configure:7659: result: yes
configure:7659: checking for sys/stat.h
configure:7659: gcc -c -g -O2  conftest.c >&5
configure:7659: $? = 0
configure:7659: result: yes
configure:7659: checking for stdlib.h
configure:7659: gcc -c -g -O2  conftest.c >&5
configure:7659: $? = 0
configure:7659: result: yes
configure:7659: checking for string.h
configure:7659: gcc -c -g -O2  conftest.c >&5
configure:7659: $? = 0
configure:7659: result: yes
configure:7659: checking for memory.h
configure:7659: gcc -c -g -O2  conftest.c >&5
configure:7659: $? = 0
configure:7659: result: yes
configure:7659: checking for strings.h
configure:7659: gcc -c -g -O2  conftest.c >&5
configure:7659: $? = 0
configure:7659: result: yes
configure:7659: checking for inttypes.h
configure:7659: gcc -c -g -O2  conftest.c >&5
configure:7659: $? = 0
configure:7659: result: yes
configure:7659: checking for stdint.h
configure:7659: gcc -c -g -O2  conftest.c >&5
configure:7659: $? = 0
configure:7659: result: yes
configure:7659: checking for unistd.h
configure:7659: gcc -c -g -O2  conftest.c >&5
configure:7659: $? = 0
configure:7659: result: yes
configure:7673: checking for dlfcn.h
configure:7673: gcc -c -g -O2  conftest.c >&5
configure:7673: $? = 0
configure:7673: result: yes
configure:7929: checking for objdir
configure:7944: result: .libs
configure:8208: checking if gcc supports -fno-rtti -fno-exceptions
configure:8226: gcc -c -g -O2  -fno-rtti -fno-exceptions conftest.c >&5
cc1: warning: command line option '-fno-rtti' is valid for C++/D/ObjC++ but not for C
configure:8230: $? = 0
configure:8243: result: no
configure:8607: checking for gcc option to produce PIC
configure:8614: result: -fPIC -DPIC
configure:8622: checking if gcc PIC flag -fPIC -DPIC works
configure:8640: gcc -c -g -O2  -fPIC -DPIC -DPIC conftest.c >&5
configure:8644: $? = 0
configure:8657: result: yes
configure:8686: checking if gcc static flag -static works
configure:8714: result: yes
configure:8729: checking if gcc supports -c -o file.o
configure:8750: gcc -c -g -O2  -o out/conftest2.o conftest.c >&5
configure:8754: $? = 0
configure:8776: result: yes
configure:8784: checking if gcc supports -c -o file.o
configure:8831: result: yes
configure:8864: checking whether the gcc linker (/usr/bin/ld -m elf_x86_64) supports shared libraries
configure:10127: result: yes
configure:10164: checking whether -lc should be explicitly linked in
configure:10172: gcc -c -g -O2  conftest.c >&5
configure:10175: $? = 0
configure:10190: gcc -shared  -fPIC -DPIC conftest.o  -v -Wl,-soname -Wl,conftest -o conftest 2\>\&1 \| /bin/grep  -lc  \>/dev/null 2\>\&1
configure:10193: $? = 0
configure:10207: result: no
configure:10367: checking dynamic linker characteristics
configure:10948: gcc -o conftest -g -O2   -Wl,-rpath -Wl,/foo conftest.c  >&5
configure:10948: $? = 0
configure:11197: result: GNU/Linux ld.so
configure:11319: checking how to hardcode library paths into programs
configure:11344: result: immediate
configure:11892: checking whether stripping libraries is possible
configure:11897: result: yes
configure:11932: checking if libtool supports shared libraries
configure:11934: result: yes
configure:11937: checking whether to build shared libraries
configure:11962: result: yes
configure:11965: checking whether to build static libraries
configure:11969: result: yes
configure:8836: checking for gcc
configure:8863: result: gcc
configure:9092: checking for C compiler version
configure:9101: gcc --version >&5
gcc (Ubuntu 9.4.0-1ubuntu1~20.04.1) 9.4.0
Copyright (C) 2019 Free Software Foundation, Inc.
This is free software; see the source for copying conditions.  There is NO
warranty; not even for MERCHANTABILITY or FITNESS FOR A PARTICULAR PURPOSE.

configure:9112: $? = 0
configure:9101: gcc -v >&5
Using built-in specs.
COLLECT_GCC=gcc
COLLECT_LTO_WRAPPER=/usr/lib/gcc/x86_64-linux-gnu/9/lto-wrapper
OFFLOAD_TARGET_NAMES=nvptx-none:hsa
OFFLOAD_TARGET_DEFAULT=1
Target: x86_64-linux-gnu
Configured with: ../src/configure -v --with-pkgversion='Ubuntu 9.4.0-1ubuntu1~20.04.1' --with-bugurl=file:///usr/share/doc/gcc-9/README.Bugs --enable-languages=c,ada,c++,go,brig,d,fortran,objc,obj-c++,gm2 --prefix=/usr --with-gcc-major-version-only --program-suffix=-9 --program-prefix=x86_64-linux-gnu- --enable-shared --enable-linker-build-id --libexecdir=/usr/lib --without-included-gettext --enable-threads=posix --libdir=/usr/lib --enable-nls --enable-clocale=gnu --enable-libstdcxx-debug --enable-libstdcxx-time=yes --with-default-libstdcxx-abi=new --enable-gnu-unique-object --disable-vtable-verify --enable-plugin --enable-default-pie --with-system-zlib --with-target-system-zlib=auto --enable-objc-gc=auto --enable-multiarch --disable-werror --with-arch-32=i686 --with-abi=m64 --with-multilib-list=m32,m64,mx32 --enable-multilib --with-tune=generic --enable-offload-targets=nvptx-none=/build/gcc-9-Av3uEd/gcc-9-9.4.0/debian/tmp-nvptx/usr,hsa --without-cuda-driver --enable-checking=release --build=x86_64-linux-gnu --host=x86_64-linux-gnu --target=x86_64-linux-gnu
Thread model: posix
gcc version 9.4.0 (Ubuntu 9.4.0-1ubuntu1~20.04.1) 
configure:9112: $? = 0
configure:9101: gcc -V >&5
gcc: error: unrecognized command line option '-V'
gcc: fatal error: no input files
compilation terminated.
configure:9112: $? = 1
configure:9101: gcc -qversion >&5
gcc: error: unrecognized command line option '-qversion'; did you mean '--version'?
gcc: fatal error: no input files
compilation terminated.
configure:9112: $? = 1
configure:9116: checking whether we are using the GNU C compiler
configure:9144: result: yes
configure:9153: checking whether gcc accepts -g
configure:9214: result: yes
configure:9231: checking for gcc option to accept ISO C89
configure:9307: result: none needed
configure:9332: checking whether gcc understands -c and -o together
configure:9369: result: yes
configure:9388: checking dependency style of gcc
configure:9499: result: gcc3
configure:9607: checking for cos in -lm
configure:9632: gcc -o conftest -g -O2   conftest.c -lm   >&5
conftest.c:30:6: warning: conflicting types for built-in function 'cos'; expected 'double(double)' [-Wbuiltin-declaration-mismatch]
   30 | char cos ();
      |      ^~~
conftest.c:1:1: note: 'cos' is declared in header '<math.h>'
    1 | /* confdefs.h */
configure:9632: $? = 0
configure:9641: result: yes
configure:9669: checking for x86 cpuid  output
configure:9701: gcc -o conftest -g -O2   conftest.c  >&5
conftest.c: In function 'main':
conftest.c:28:15: error: expected expression before ',' token
   28 |      int op = , level = 0, eax, ebx, ecx, edx;
      |               ^
configure:9701: $? = 1
configure: program exited with status 1
configure: failed program was:
| /* confdefs.h */
| #define PACKAGE_NAME "m4ri"
| #define PACKAGE_TARNAME "m4ri"
| #define PACKAGE_VERSION "20200125"
| #define PACKAGE_STRING "m4ri 20200125"
| #define PACKAGE_BUGREPORT ""
| #define PACKAGE_URL ""
| #define PACKAGE "m4ri"
| #define VERSION "20200125"
| #define STDC_HEADERS 1
| #define HAVE_SYS_TYPES_H 1
| #define HAVE_SYS_STAT_H 1
| #define HAVE_STDLIB_H 1
| #define HAVE_STRING_H 1
| #define HAVE_MEMORY_H 1
| #define HAVE_STRINGS_H 1
| #define HAVE_INTTYPES_H 1
| #define HAVE_STDINT_H 1
| #define HAVE_UNISTD_H 1
| #define HAVE_DLFCN_H 1
| #define LT_OBJDIR ".libs/"
| /* end confdefs.h.  */
| #include <stdio.h>
| int
| main ()
| {
| 
|      int op = , level = 0, eax, ebx, ecx, edx;
|      FILE *f;
|       __asm__ __volatile__ ("xchg %%ebx, %1\n"
|         "cpuid\n"
|         "xchg %%ebx, %1\n"
|         : "=a" (eax), "=r" (ebx), "=c" (ecx), "=d" (edx)
|         : "a" (op), "2" (level));
| 
|      f = fopen("conftest_cpuid", "w"); if (!f) return 1;
|      fprintf(f, "%x:%x:%x:%x\n", eax, ebx, ecx, edx);
|      fclose(f);
|      return 0;
| 
|   ;
|   return 0;
| }
configure:9711: result: unknown
configure:9728: checking for x86-AVX xgetbv  output
configure:9758: gcc -o conftest -g -O2   conftest.c  >&5
conftest.c: In function 'main':
conftest.c:28:15: error: expected expression before ',' token
   28 |      int op = , eax, edx;
      |               ^
configure:9758: $? = 1
configure: program exited with status 1
configure: failed program was:
| /* confdefs.h */
| #define PACKAGE_NAME "m4ri"
| #define PACKAGE_TARNAME "m4ri"
| #define PACKAGE_VERSION "20200125"
| #define PACKAGE_STRING "m4ri 20200125"
| #define PACKAGE_BUGREPORT ""
| #define PACKAGE_URL ""
| #define PACKAGE "m4ri"
| #define VERSION "20200125"
| #define STDC_HEADERS 1
| #define HAVE_SYS_TYPES_H 1
| #define HAVE_SYS_STAT_H 1
| #define HAVE_STDLIB_H 1
| #define HAVE_STRING_H 1
| #define HAVE_MEMORY_H 1
| #define HAVE_STRINGS_H 1
| #define HAVE_INTTYPES_H 1
| #define HAVE_STDINT_H 1
| #define HAVE_UNISTD_H 1
| #define HAVE_DLFCN_H 1
| #define LT_OBJDIR ".libs/"
| /* end confdefs.h.  */
| #include <stdio.h>
| int
| main ()
| {
| 
|      int op = , eax, edx;
|      FILE *f;
|       /* Opcodes for xgetbv */
|       __asm__ __volatile__ (".byte 0x0f, 0x01, 0xd0"
|         : "=a" (eax), "=d" (edx)
|         : "c" (op));
|      f = fopen("conftest_xgetbv", "w"); if (!f) return 1;
|      fprintf(f, "%x:%x\n", eax, edx);
|      fclose(f);
|      return 0;
| 
|   ;
|   return 0;
| }
configure:9768: result: unknown
configure:9973: checking for x86 cpuid 0x00000000 output
configure:10005: gcc -o conftest -g -O2   conftest.c  >&5
configure:10005: $? = 0
configure:10005: ./conftest
configure:10005: $? = 0
configure:10015: result: 16:756e6547:6c65746e:49656e69
configure:10038: checking for x86 cpuid 0x80000000 output
configure:10070: gcc -o conftest -g -O2   conftest.c  >&5
configure:10070: $? = 0
configure:10070: ./conftest
configure:10070: $? = 0
configure:10080: result: 80000008:0:0:0
configure:10105: checking for x86 cpuid 0x00000001 output
configure:10137: gcc -o conftest -g -O2   conftest.c  >&5
configure:10137: $? = 0
configure:10137: ./conftest
configure:10137: $? = 0
configure:10147: result: 806ec:5100800:7ffafbbf:bfebfbff
configure:10174: checking for x86 cpuid 0x00000007 output
configure:10206: gcc -o conftest -g -O2   conftest.c  >&5
configure:10206: $? = 0
configure:10206: ./conftest
configure:10206: $? = 0
configure:10216: result: 0:29c67af:0:bc000600
configure:10242: checking for x86 cpuid 0x80000001 output
configure:10274: gcc -o conftest -g -O2   conftest.c  >&5
configure:10274: $? = 0
configure:10274: ./conftest
configure:10274: $? = 0
configure:10284: result: 0:0:121:2c100800
configure:10343: gcc -o conftest -g -O2   conftest.c  >&5
configure:10343: $? = 0
configure:10343: ./conftest
configure:10343: $? = 0
configure:10372: checking for x86-AVX xgetbv 0x00000000 output
configure:10402: gcc -o conftest -g -O2   conftest.c  >&5
configure:10402: $? = 0
configure:10402: ./conftest
configure:10402: $? = 0
configure:10412: result: 1f:0
configure:10466: checking whether RDRND is supported by the processor
configure:10479: result: yes
configure:10483: checking whether RDRND is supported by the processor and OS
configure:10496: result: yes
configure:10501: checking whether C compiler accepts -mrdrnd
configure:10520: gcc -c -g -O2  -mrdrnd  conftest.c >&5
configure:10520: $? = 0
configure:10529: result: yes
configure:10466: checking whether BMI1 is supported by the processor
configure:10479: result: yes
configure:10483: checking whether BMI1 is supported by the processor and OS
configure:10496: result: yes
configure:10501: checking whether C compiler accepts -mbmi
configure:10520: gcc -c -g -O2  -mbmi  conftest.c >&5
configure:10520: $? = 0
configure:10529: result: yes
configure:10466: checking whether BMI2 is supported by the processor
configure:10479: result: yes
configure:10483: checking whether BMI2 is supported by the processor and OS
configure:10496: result: yes
configure:10501: checking whether C compiler accepts -mbmi2
configure:10520: gcc -c -g -O2  -mbmi2  conftest.c >&5
configure:10520: $? = 0
configure:10529: result: yes
configure:10466: checking whether ADX is supported by the processor
configure:10479: result: yes
configure:10483: checking whether ADX is supported by the processor and OS
configure:10496: result: yes
configure:10501: checking whether C compiler accepts -madx
configure:10520: gcc -c -g -O2  -madx  conftest.c >&5
configure:10520: $? = 0
configure:10529: result: yes
configure:10466: checking whether MPX is supported by the processor
configure:10479: result: yes
configure:10483: checking whether MPX is supported by the processor and OS
configure:10496: result: yes
configure:10501: checking whether C compiler accepts -mmpx
configure:10520: gcc -c -g -O2  -mmpx  conftest.c >&5
gcc: warning: switch '-mmpx' is no longer supported
configure:10520: $? = 0
configure:10529: result: yes
configure:10466: checking whether PREFETCHWT1 is supported by the processor
configure:10479: result: no
configure:10466: checking whether ABM is supported by the processor
configure:10479: result: yes
configure:10483: checking whether ABM is supported by the processor and OS
configure:10496: result: yes
configure:10501: checking whether C compiler accepts -mabm
configure:10520: gcc -c -g -O2  -mabm  conftest.c >&5
configure:10520: $? = 0
configure:10529: result: yes
configure:10466: checking whether MMX is supported by the processor
configure:10479: result: yes
configure:10483: checking whether MMX is supported by the processor and OS
configure:10496: result: yes
configure:10501: checking whether C compiler accepts -mmmx
configure:10520: gcc -c -g -O2  -mmmx  conftest.c >&5
configure:10520: $? = 0
configure:10529: result: yes
configure:10466: checking whether SSE is supported by the processor
configure:10479: result: yes
configure:10483: checking whether SSE is supported by the processor and OS
configure:10496: result: yes
configure:10501: checking whether C compiler accepts -msse
configure:10520: gcc -c -g -O2  -msse  conftest.c >&5
configure:10520: $? = 0
configure:10529: result: yes
configure:10466: checking whether SSE2 is supported by the processor
configure:10479: result: yes
configure:10483: checking whether SSE2 is supported by the processor and OS
configure:10496: result: yes
configure:10501: checking whether C compiler accepts -msse2
configure:10520: gcc -c -g -O2  -msse2  conftest.c >&5
configure:10520: $? = 0
configure:10529: result: yes
configure:10466: checking whether SSE3 is supported by the processor
configure:10479: result: yes
configure:10483: checking whether SSE3 is supported by the processor and OS
configure:10496: result: yes
configure:10501: checking whether C compiler accepts -msse3
configure:10520: gcc -c -g -O2  -msse3  conftest.c >&5
configure:10520: $? = 0
configure:10529: result: yes
configure:10466: checking whether SSSE3 is supported by the processor
configure:10479: result: yes
configure:10483: checking whether SSSE3 is supported by the processor and OS
configure:10496: result: yes
configure:10501: checking whether C compiler accepts -mssse3
configure:10520: gcc -c -g -O2  -mssse3  conftest.c >&5
configure:10520: $? = 0
configure:10529: result: yes
configure:10466: checking whether SSE4.1 is supported by the processor
configure:10479: result: yes
configure:10483: checking whether SSE4.1 is supported by the processor and OS
configure:10496: result: yes
configure:10501: checking whether C compiler accepts -msse4.1
configure:10520: gcc -c -g -O2  -msse4.1  conftest.c >&5
configure:10520: $? = 0
configure:10529: result: yes
configure:10466: checking whether SSE4.2 is supported by the processor
configure:10479: result: yes
configure:10483: checking whether SSE4.2 is supported by the processor and OS
configure:10496: result: yes
configure:10501: checking whether C compiler accepts -msse4.2
configure:10520: gcc -c -g -O2  -msse4.2  conftest.c >&5
configure:10520: $? = 0
configure:10529: result: yes
configure:10466: checking whether SSE4a is supported by the processor
configure:10479: result: no
configure:10466: checking whether SHA is supported by the processor
configure:10479: result: no
configure:10466: checking whether AES is supported by the processor
configure:10479: result: yes
configure:10483: checking whether AES is supported by the processor and OS
configure:10496: result: yes
configure:10501: checking whether C compiler accepts -maes
configure:10520: gcc -c -g -O2  -maes  conftest.c >&5
configure:10520: $? = 0
configure:10529: result: yes
configure:10466: checking whether AVX is supported by the processor
configure:10479: result: yes
configure:10483: checking whether AVX is supported by the processor and OS
configure:10496: result: yes
configure:10501: checking whether C compiler accepts -mavx
configure:10520: gcc -c -g -O2  -mavx  conftest.c >&5
configure:10520: $? = 0
configure:10529: result: yes
configure:10466: checking whether FMA3 is supported by the processor
configure:10479: result: yes
configure:10483: checking whether FMA3 is supported by the processor and OS
configure:10496: result: yes
configure:10501: checking whether C compiler accepts -mfma
configure:10520: gcc -c -g -O2  -mfma  conftest.c >&5
configure:10520: $? = 0
configure:10529: result: yes
configure:10466: checking whether FMA4 is supported by the processor
configure:10479: result: no
configure:10466: checking whether XOP is supported by the processor
configure:10479: result: no
configure:10466: checking whether AVX2 is supported by the processor
configure:10479: result: yes
configure:10483: checking whether AVX2 is supported by the processor and OS
configure:10496: result: yes
configure:10501: checking whether C compiler accepts -mavx2
configure:10520: gcc -c -g -O2  -mavx2  conftest.c >&5
configure:10520: $? = 0
configure:10529: result: yes
configure:10466: checking whether AVX512-F is supported by the processor
configure:10479: result: no
configure:10466: checking whether AVX512-CD is supported by the processor
configure:10479: result: no
configure:10466: checking whether AVX512-PF is supported by the processor
configure:10479: result: no
configure:10466: checking whether AVX512-ER is supported by the processor
configure:10479: result: no
configure:10466: checking whether AVX512-VL is supported by the processor
configure:10479: result: no
configure:10466: checking whether AVX512-BW is supported by the processor
configure:10479: result: no
configure:10466: checking whether AVX512-DQ is supported by the processor
configure:10479: result: no
configure:10466: checking whether AVX512-IFMA is supported by the processor
configure:10479: result: no
configure:10466: checking whether AVX512-VBMI is supported by the processor
configure:10479: result: no
configure:10635: checking mm_malloc.h usability
configure:10635: gcc -c -g -O2  conftest.c >&5
configure:10635: $? = 0
configure:10635: result: yes
configure:10635: checking mm_malloc.h presence
configure:10635: gcc -E  conftest.c
configure:10635: $? = 0
configure:10635: result: yes
configure:10635: checking for mm_malloc.h
configure:10635: result: yes
configure:10651: checking for working posix_memalign
configure:10675: gcc -o conftest -g -O2   conftest.c  >&5
configure:10675: $? = 0
configure:10675: ./conftest
configure:10675: $? = 0
configure:10685: result: yes
configure:10711: checking for OpenMP flag of C compiler
configure:10756: gcc -o conftest -g -O2 -fopenmp   conftest.c  >&5
configure:10756: $? = 0
configure:10765: result: -fopenmp
configure:10858: checking for PAPI_start_counters in -lpapi
configure:10883: gcc -o conftest -g -O2   conftest.c -lpapi   >&5
/usr/bin/ld: cannot find -lpapi
collect2: error: ld returned 1 exit status
configure:10883: $? = 1
configure: failed program was:
| /* confdefs.h */
| #define PACKAGE_NAME "m4ri"
| #define PACKAGE_TARNAME "m4ri"
| #define PACKAGE_VERSION "20200125"
| #define PACKAGE_STRING "m4ri 20200125"
| #define PACKAGE_BUGREPORT ""
| #define PACKAGE_URL ""
| #define PACKAGE "m4ri"
| #define VERSION "20200125"
| #define STDC_HEADERS 1
| #define HAVE_SYS_TYPES_H 1
| #define HAVE_SYS_STAT_H 1
| #define HAVE_STDLIB_H 1
| #define HAVE_STRING_H 1
| #define HAVE_MEMORY_H 1
| #define HAVE_STRINGS_H 1
| #define HAVE_INTTYPES_H 1
| #define HAVE_STDINT_H 1
| #define HAVE_UNISTD_H 1
| #define HAVE_DLFCN_H 1
| #define LT_OBJDIR ".libs/"
| #define HAVE_RDRND 1
| #define HAVE_BMI1 1
| #define HAVE_BMI2 1
| #define HAVE_ADX 1
| #define HAVE_MPX 1
| #define HAVE_ABM 1
| #define HAVE_MMX 1
| #define HAVE_SSE 1
| #define HAVE_SSE2 1
| #define HAVE_SSE3 1
| #define HAVE_SSSE3 1
| #define HAVE_SSE4_1 1
| #define HAVE_SSE4_2 1
| #define HAVE_AES 1
| #define HAVE_AVX 1
| #define HAVE_FMA3 1
| #define HAVE_AVX2 1
| #define HAVE_MM_MALLOC /**/
| #define HAVE_POSIX_MEMALIGN 1
| #define HAVE_OPENMP 1
| #define NDEBUG 1
| /* end confdefs.h.  */
| 
| /* Override any GCC internal prototype to avoid an error.
|    Use char because int might match the return type of a GCC
|    builtin and then its argument prototype would still apply.  */
| #ifdef __cplusplus
| extern "C"
| #endif
| char PAPI_start_counters ();
| int
| main ()
| {
| return PAPI_start_counters ();
|   ;
|   return 0;
| }
configure:10892: result: no
configure:11062: checking for x86 cpuid 0x0 output
configure:11094: gcc -o conftest -g -O2   conftest.c  >&5
configure:11094: $? = 0
configure:11094: ./conftest
configure:11094: $? = 0
configure:11104: result: 16:756e6547:6c65746e:49656e69
configure:11115: checking for the processor vendor
configure:11154: result: Intel
configure:11171: checking for x86 cpuid 0x0 output
configure:11213: result: 16:756e6547:6c65746e:49656e69
configure:11224: checking for the processor vendor
configure:11263: result: Intel
configure:11576: checking the L1 cache size
configure:11580: result: 32768 Bytes
configure:11583: checking the L2 cache size
configure:11587: result: 262144 Bytes
configure:11590: checking the L3 cache size
configure:11594: result: 6291456 Bytes
configure:11855: checking whether to build with PNG support
configure:11857: result: yes
configure:11915: checking for pkg-config
configure:11933: found /usr/bin/pkg-config
configure:11945: result: /usr/bin/pkg-config
configure:11970: checking pkg-config is at least version 0.9.0
configure:11973: result: yes
configure:11983: checking for PNG
configure:11990: $PKG_CONFIG --exists --print-errors "libpng"
configure:11993: $? = 0
configure:12007: $PKG_CONFIG --exists --print-errors "libpng"
configure:12010: $? = 0
configure:12048: result: yes
configure:12252: checking whether make sets $(MAKE)
configure:12274: result: yes
configure:12387: checking that generated files are newer than configure
configure:12393: result: done
configure:12424: creating ./config.status

## ---------------------- ##
## Running config.status. ##
## ---------------------- ##

This file was extended by m4ri config.status 20200125, which was
generated by GNU Autoconf 2.69.  Invocation command line was

  CONFIG_FILES    = 
  CONFIG_HEADERS  = 
  CONFIG_LINKS    = 
  CONFIG_COMMANDS = 
  $ ./config.status 

on portable-polytech

config.status:1139: creating Makefile
config.status:1139: creating tests/Makefile
config.status:1139: creating bench/Makefile
config.status:1139: creating m4ri/m4ri_config.h
config.status:1139: creating m4ri.pc
config.status:1139: creating m4ri/config.h
config.status:1320: m4ri/config.h is unchanged
config.status:1368: executing depfiles commands
config.status:1445: cd .       && sed -e '/# am--include-marker/d' Makefile         | make -f - am--depfiles
make: Nothing to be done for 'am--depfiles'.
config.status:1450: $? = 0
config.status:1445: cd tests       && sed -e '/# am--include-marker/d' Makefile         | make -f - am--depfiles
make: Nothing to be done for 'am--depfiles'.
config.status:1450: $? = 0
config.status:1445: cd bench       && sed -e '/# am--include-marker/d' Makefile         | make -f - am--depfiles
make: Nothing to be done for 'am--depfiles'.
config.status:1450: $? = 0
config.status:1368: executing libtool commands

## ---------------- ##
## Cache variables. ##
## ---------------- ##

ac_cv_build=x86_64-pc-linux-gnu
ac_cv_c_compiler_gnu=yes
ac_cv_env_CC_set=
ac_cv_env_CC_value=
ac_cv_env_CFLAGS_set=
ac_cv_env_CFLAGS_value=
ac_cv_env_CPPFLAGS_set=
ac_cv_env_CPPFLAGS_value=
ac_cv_env_CPP_set=
ac_cv_env_CPP_value=
ac_cv_env_LDFLAGS_set=
ac_cv_env_LDFLAGS_value=
ac_cv_env_LIBS_set=
ac_cv_env_LIBS_value=
ac_cv_env_LT_SYS_LIBRARY_PATH_set=
ac_cv_env_LT_SYS_LIBRARY_PATH_value=
ac_cv_env_PKG_CONFIG_LIBDIR_set=
ac_cv_env_PKG_CONFIG_LIBDIR_value=
ac_cv_env_PKG_CONFIG_PATH_set=
ac_cv_env_PKG_CONFIG_PATH_value=
ac_cv_env_PKG_CONFIG_set=
ac_cv_env_PKG_CONFIG_value=
ac_cv_env_PNG_CFLAGS_set=
ac_cv_env_PNG_CFLAGS_value=
ac_cv_env_PNG_LIBS_set=
ac_cv_env_PNG_LIBS_value=
ac_cv_env_build_alias_set=
ac_cv_env_build_alias_value=
ac_cv_env_host_alias_set=
ac_cv_env_host_alias_value=
ac_cv_env_target_alias_set=
ac_cv_env_target_alias_value=
ac_cv_header_dlfcn_h=yes
ac_cv_header_inttypes_h=yes
ac_cv_header_memory_h=yes
ac_cv_header_mm_malloc_h=yes
ac_cv_header_stdc=yes
ac_cv_header_stdint_h=yes
ac_cv_header_stdlib_h=yes
ac_cv_header_string_h=yes
ac_cv_header_strings_h=yes
ac_cv_header_sys_stat_h=yes
ac_cv_header_sys_types_h=yes
ac_cv_header_unistd_h=yes
ac_cv_host=x86_64-pc-linux-gnu
ac_cv_lib_m_cos=yes
ac_cv_lib_papi_PAPI_start_counters=no
ac_cv_objext=o
ac_cv_path_EGREP='/bin/grep -E'
ac_cv_path_FGREP='/bin/grep -F'
ac_cv_path_GREP=/bin/grep
ac_cv_path_SED=/bin/sed
ac_cv_path_ac_pt_PKG_CONFIG=/usr/bin/pkg-config
ac_cv_path_install='/usr/bin/install -c'
ac_cv_path_lt_DD=/bin/dd
ac_cv_path_mkdir=/bin/mkdir
ac_cv_prog_AWK=mawk
ac_cv_prog_CPP='gcc -E'
ac_cv_prog_ac_ct_AR=ar
ac_cv_prog_ac_ct_CC=gcc
ac_cv_prog_ac_ct_MANIFEST_TOOL=mt
ac_cv_prog_ac_ct_OBJDUMP=objdump
ac_cv_prog_ac_ct_RANLIB=ranlib
ac_cv_prog_ac_ct_STRIP=strip
ac_cv_prog_cc_c89=
ac_cv_prog_cc_g=yes
ac_cv_prog_make_make_set=yes
am_cv_CC_dependencies_compiler_type=gcc3
am_cv_make_support_nested_variables=yes
am_cv_prog_cc_c_o=yes
ax_cv_c_openmp=-fopenmp
ax_cv_check_cflags___mabm=yes
ax_cv_check_cflags___madx=yes
ax_cv_check_cflags___maes=yes
ax_cv_check_cflags___mavx2=yes
ax_cv_check_cflags___mavx=yes
ax_cv_check_cflags___mbmi2=yes
ax_cv_check_cflags___mbmi=yes
ax_cv_check_cflags___mfma=yes
ax_cv_check_cflags___mmmx=yes
ax_cv_check_cflags___mmpx=yes
ax_cv_check_cflags___mrdrnd=yes
ax_cv_check_cflags___msse2=yes
ax_cv_check_cflags___msse3=yes
ax_cv_check_cflags___msse4_1=yes
ax_cv_check_cflags___msse4_2=yes
ax_cv_check_cflags___msse=yes
ax_cv_check_cflags___mssse3=yes
ax_cv_cpu_vendor=Intel
ax_cv_func_posix_memalign_works=yes
ax_cv_gcc_x86_avx_xgetbv_0x00000000=1f:0
ax_cv_gcc_x86_avx_xgetbv_=unknown
ax_cv_gcc_x86_cpuid_0x00000000=16:756e6547:6c65746e:49656e69
ax_cv_gcc_x86_cpuid_0x00000001=806ec:5100800:7ffafbbf:bfebfbff
ax_cv_gcc_x86_cpuid_0x00000007=0:29c67af:0:bc000600
ax_cv_gcc_x86_cpuid_0x0=16:756e6547:6c65746e:49656e69
ax_cv_gcc_x86_cpuid_0x80000000=80000008:0:0:0
ax_cv_gcc_x86_cpuid_0x80000001=0:0:121:2c100800
ax_cv_gcc_x86_cpuid_=unknown
ax_cv_have_abm_cpu_ext=yes
ax_cv_have_abm_ext=yes
ax_cv_have_adx_cpu_ext=yes
ax_cv_have_adx_ext=yes
ax_cv_have_aes_cpu_ext=yes
ax_cv_have_aes_ext=yes
ax_cv_have_avx2_cpu_ext=yes
ax_cv_have_avx2_ext=yes
ax_cv_have_avx512_os_support_ext=no
ax_cv_have_avx512bw_cpu_ext=no
ax_cv_have_avx512bw_ext=no
ax_cv_have_avx512cd_cpu_ext=no
ax_cv_have_avx512cd_ext=no
ax_cv_have_avx512dq_cpu_ext=no
ax_cv_have_avx512dq_ext=no
ax_cv_have_avx512er_cpu_ext=no
ax_cv_have_avx512er_ext=no
ax_cv_have_avx512f_cpu_ext=no
ax_cv_have_avx512f_ext=no
ax_cv_have_avx512ifma_cpu_ext=no
ax_cv_have_avx512ifma_ext=no
ax_cv_have_avx512pf_cpu_ext=no
ax_cv_have_avx512pf_ext=no
ax_cv_have_avx512vbmi_cpu_ext=no
ax_cv_have_avx512vbmi_ext=no
ax_cv_have_avx512vl_cpu_ext=no
ax_cv_have_avx512vl_ext=no
ax_cv_have_avx_cpu_ext=yes
ax_cv_have_avx_ext=yes
ax_cv_have_avx_os_support_ext=yes
ax_cv_have_bmi1_cpu_ext=yes
ax_cv_have_bmi1_ext=yes
ax_cv_have_bmi2_cpu_ext=yes
ax_cv_have_bmi2_ext=yes
ax_cv_have_fma3_cpu_ext=yes
ax_cv_have_fma3_ext=yes
ax_cv_have_fma4_cpu_ext=no
ax_cv_have_fma4_ext=no
ax_cv_have_mmx_cpu_ext=yes
ax_cv_have_mmx_ext=yes
ax_cv_have_mmx_os_support_ext=yes
ax_cv_have_mpx_cpu_ext=yes
ax_cv_have_mpx_ext=yes
ax_cv_have_none_os_support_ext=yes
ax_cv_have_prefetchwt1_cpu_ext=no
ax_cv_have_prefetchwt1_ext=no
ax_cv_have_rdrnd_cpu_ext=yes
ax_cv_have_rdrnd_ext=yes
ax_cv_have_sha_cpu_ext=no
ax_cv_have_sha_ext=no
ax_cv_have_sse2_cpu_ext=yes
ax_cv_have_sse2_ext=yes
ax_cv_have_sse3_cpu_ext=yes
ax_cv_have_sse3_ext=yes
ax_cv_have_sse41_cpu_ext=yes
ax_cv_have_sse41_ext=yes
ax_cv_have_sse42_cpu_ext=yes
ax_cv_have_sse42_ext=yes
ax_cv_have_sse4a_cpu_ext=no
ax_cv_have_sse4a_ext=no
ax_cv_have_sse_cpu_ext=yes
ax_cv_have_sse_ext=yes
ax_cv_have_sse_os_support_ext=yes
ax_cv_have_ssse3_cpu_ext=yes
ax_cv_have_ssse3_ext=yes
ax_cv_have_xop_cpu_ext=no
ax_cv_have_xop_ext=no
ax_cv_support_abm_ext=yes
ax_cv_support_adx_ext=yes
ax_cv_support_aes_ext=yes
ax_cv_support_avx2_ext=yes
ax_cv_support_avx512bw_ext=no
ax_cv_support_avx512cd_ext=no
ax_cv_support_avx512dq_ext=no
ax_cv_support_avx512er_ext=no
ax_cv_support_avx512f_ext=no
ax_cv_support_avx512ifma_ext=no
ax_cv_support_avx512pf_ext=no
ax_cv_support_avx512vbmi_ext=no
ax_cv_support_avx512vl_ext=no
ax_cv_support_avx_ext=yes
ax_cv_support_bmi1_ext=yes
ax_cv_support_bmi2_ext=yes
ax_cv_support_fma3_ext=yes
ax_cv_support_fma4_ext=no
ax_cv_support_mmx_ext=yes
ax_cv_support_mpx_ext=yes
ax_cv_support_prefetchwt1_ext=no
ax_cv_support_rdrnd_ext=yes
ax_cv_support_sha_ext=no
ax_cv_support_sse2_ext=yes
ax_cv_support_sse3_ext=yes
ax_cv_support_sse41_ext=yes
ax_cv_support_sse42_ext=yes
ax_cv_support_sse4a_ext=no
ax_cv_support_sse_ext=yes
ax_cv_support_ssse3_ext=yes
ax_cv_support_xop_ext=no
lt_cv_ar_at_file=@
lt_cv_archive_cmds_need_lc=no
lt_cv_deplibs_check_method=pass_all
lt_cv_file_magic_cmd='$MAGIC_CMD'
lt_cv_file_magic_test_file=
lt_cv_ld_reload_flag=-r
lt_cv_nm_interface='BSD nm'
lt_cv_objdir=.libs
lt_cv_path_LD=/usr/bin/ld
lt_cv_path_NM='/usr/bin/nm -B'
lt_cv_path_mainfest_tool=no
lt_cv_prog_compiler_c_o=yes
lt_cv_prog_compiler_pic='-fPIC -DPIC'
lt_cv_prog_compiler_pic_works=yes
lt_cv_prog_compiler_rtti_exceptions=no
lt_cv_prog_compiler_static_works=yes
lt_cv_prog_gnu_ld=yes
lt_cv_sharedlib_from_linklib_cmd='printf %s\n'
lt_cv_shlibpath_overrides_runpath=yes
lt_cv_sys_global_symbol_pipe='sed -n -e '\''s/^.*[	 ]\([ABCDGIRSTW][ABCDGIRSTW]*\)[	 ][	 ]*\([_A-Za-z][_A-Za-z0-9]*\)$/\1 \2 \2/p'\'' | sed '\''/ __gnu_lto/d'\'''
lt_cv_sys_global_symbol_to_c_name_address='sed -n -e '\''s/^: \(.*\) .*$/  {"\1", (void *) 0},/p'\'' -e '\''s/^[ABCDGIRSTW][ABCDGIRSTW]* .* \(.*\)$/  {"\1", (void *) \&\1},/p'\'''
lt_cv_sys_global_symbol_to_c_name_address_lib_prefix='sed -n -e '\''s/^: \(.*\) .*$/  {"\1", (void *) 0},/p'\'' -e '\''s/^[ABCDGIRSTW][ABCDGIRSTW]* .* \(lib.*\)$/  {"\1", (void *) \&\1},/p'\'' -e '\''s/^[ABCDGIRSTW][ABCDGIRSTW]* .* \(.*\)$/  {"lib\1", (void *) \&\1},/p'\'''
lt_cv_sys_global_symbol_to_cdecl='sed -n -e '\''s/^T .* \(.*\)$/extern int \1();/p'\'' -e '\''s/^[ABCDGIRSTW][ABCDGIRSTW]* .* \(.*\)$/extern char \1;/p'\'''
lt_cv_sys_global_symbol_to_import=
lt_cv_sys_max_cmd_len=1572864
lt_cv_to_host_file_cmd=func_convert_file_noop
lt_cv_to_tool_file_cmd=func_convert_file_noop
lt_cv_truncate_bin='/bin/dd bs=4096 count=1'
pkg_cv_PNG_CFLAGS=-I/usr/include/libpng16
pkg_cv_PNG_LIBS='-lpng16 -lz'

## ----------------- ##
## Output variables. ##
## ----------------- ##

ACLOCAL='${SHELL} /home/portable014/Documents/parralel/projet2/m4ri-ppar/missing aclocal-1.16'
AMDEPBACKSLASH='\'
AMDEP_FALSE='#'
AMDEP_TRUE=''
AMTAR='$${TAR-tar}'
AM_BACKSLASH='\'
AM_DEFAULT_V='$(AM_DEFAULT_VERBOSITY)'
AM_DEFAULT_VERBOSITY='1'
AM_V='$(V)'
AR='ar'
AUTOCONF='${SHELL} /home/portable014/Documents/parralel/projet2/m4ri-ppar/missing autoconf'
AUTOHEADER='${SHELL} /home/portable014/Documents/parralel/projet2/m4ri-ppar/missing autoheader'
AUTOMAKE='${SHELL} /home/portable014/Documents/parralel/projet2/m4ri-ppar/missing automake-1.16'
AWK='mawk'
CC='gcc'
CCDEPMODE='depmode=gcc3'
CFLAGS='-g -O2'
CPP='gcc -E'
CPPFLAGS=''
CPUEXT_FLAGS=' -mrdrnd -mbmi -mbmi2 -madx -mmpx -mabm'
CYGPATH_W='echo'
DEBUG_FLAGS=''
DEFS='-DHAVE_CONFIG_H'
DEPDIR='.deps'
DLLTOOL='false'
DSYMUTIL=''
DUMPBIN=''
ECHO_C=''
ECHO_N='-n'
ECHO_T=''
EGREP='/bin/grep -E'
EXEEXT=''
FGREP='/bin/grep -F'
GREP='/bin/grep'
INSTALL_DATA='${INSTALL} -m 644'
INSTALL_PROGRAM='${INSTALL}'
INSTALL_SCRIPT='${INSTALL}'
INSTALL_STRIP_PROGRAM='$(install_sh) -c -s'
LD='/usr/bin/ld -m elf_x86_64'
LDFLAGS=''
LIBM='-lm'
LIBOBJS=''
LIBPNG_CFLAGS='-I/usr/include/libpng16'
LIBPNG_LIBADD='-lpng16 -lz'
LIBS=''
LIBTOOL='$(SHELL) $(top_builddir)/libtool'
LIPO=''
LN_S='ln -s'
LTLIBOBJS=''
LT_SYS_LIBRARY_PATH=''
M4RI_CPU_L1_CACHE='32768'
M4RI_CPU_L2_CACHE='262144'
M4RI_CPU_L3_CACHE='6291456'
M4RI_DEBUG_DUMP='0'
M4RI_DEBUG_MZD='0'
M4RI_ENABLE_MMC='1'
M4RI_ENABLE_MZD_CACHE='0'
M4RI_HAVE_LIBPNG='1'
M4RI_HAVE_MM_MALLOC='1'
M4RI_HAVE_OPENMP='1'
M4RI_HAVE_POSIX_MEMALIGN='1'
M4RI_HAVE_SSE2='1'
M4RI_USE_PNG_PC='libpng'
MAINT='#'
MAINTAINER_MODE_FALSE=''
MAINTAINER_MODE_TRUE='#'
MAKEINFO='${SHELL} /home/portable014/Documents/parralel/projet2/m4ri-ppar/missing makeinfo'
MANIFEST_TOOL=':'
MKDIR_P='/bin/mkdir -p'
NM='/usr/bin/nm -B'
NMEDIT=''
OBJDUMP='objdump'
OBJEXT='o'
OPENMP_CFLAGS='-fopenmp'
OTOOL64=''
OTOOL=''
PACKAGE='m4ri'
PACKAGE_BUGREPORT=''
PACKAGE_NAME='m4ri'
PACKAGE_STRING='m4ri 20200125'
PACKAGE_TARNAME='m4ri'
PACKAGE_URL=''
PACKAGE_VERSION='20200125'
PAPI_CFLAGS=''
PAPI_LDFLAGS=''
PAPI_LIBS=''
PATH_SEPARATOR=':'
PKG_CONFIG='/usr/bin/pkg-config'
PKG_CONFIG_LIBDIR=''
PKG_CONFIG_PATH=''
PNG_CFLAGS='-I/usr/include/libpng16'
PNG_LIBS='-lpng16 -lz'
RANLIB='ranlib'
RAW_LIBPNG=''
RELEASE='20200125'
SED='/bin/sed'
SET_MAKE=''
SHELL='/bin/bash'
SIMD_FLAGS=' -mmmx -msse -msse2 -msse3 -mssse3 -msse4.1 -msse4.2 -maes -mavx -mfma -mavx2'
STRIP='strip'
VERSION='20200125'
ac_ct_AR='ar'
ac_ct_CC='gcc'
ac_ct_DUMPBIN=''
am__EXEEXT_FALSE=''
am__EXEEXT_TRUE='#'
am__fastdepCC_FALSE='#'
am__fastdepCC_TRUE=''
am__include='include'
am__isrc=''
am__leading_dot='.'
am__nodep='_no'
am__quote=''
am__tar='$${TAR-tar} chof - "$$tardir"'
am__untar='$${TAR-tar} xf -'
bindir='${exec_prefix}/bin'
build='x86_64-pc-linux-gnu'
build_alias=''
build_cpu='x86_64'
build_os='linux-gnu'
build_vendor='pc'
datadir='${datarootdir}'
datarootdir='${prefix}/share'
docdir='${datarootdir}/doc/${PACKAGE_TARNAME}'
dvidir='${docdir}'
exec_prefix='${prefix}'
host='x86_64-pc-linux-gnu'
host_alias=''
host_cpu='x86_64'
host_os='linux-gnu'
host_vendor='pc'
htmldir='${docdir}'
includedir='${prefix}/include'
infodir='${datarootdir}/info'
install_sh='${SHELL} /home/portable014/Documents/parralel/projet2/m4ri-ppar/install-sh'
libdir='${exec_prefix}/lib'
libexecdir='${exec_prefix}/libexec'
localedir='${datarootdir}/locale'
localstatedir='${prefix}/var'
mandir='${datarootdir}/man'
mkdir_p='$(MKDIR_P)'
oldincludedir='/usr/include'
pdfdir='${docdir}'
prefix='/usr/local'
program_transform_name='s,x,x,'
psdir='${docdir}'
runstatedir='${localstatedir}/run'
sbindir='${exec_prefix}/sbin'
sharedstatedir='${prefix}/com'
sysconfdir='${prefix}/etc'
target_alias=''

## ----------- ##
## confdefs.h. ##
## ----------- ##

/* confdefs.h */
#define PACKAGE_NAME "m4ri"
#define PACKAGE_TARNAME "m4ri"
#define PACKAGE_VERSION "20200125"
#define PACKAGE_STRING "m4ri 20200125"
#define PACKAGE_BUGREPORT ""
#define PACKAGE_URL ""
#define PACKAGE "m4ri"
#define VERSION "20200125"
#define STDC_HEADERS 1
#define HAVE_SYS_TYPES_H 1
#define HAVE_SYS_STAT_H 1
#define HAVE_STDLIB_H 1
#define HAVE_STRING_H 1
#define HAVE_MEMORY_H 1
#define HAVE_STRINGS_H 1
#define HAVE_INTTYPES_H 1
#define HAVE_STDINT_H 1
#define HAVE_UNISTD_H 1
#define HAVE_DLFCN_H 1
#define LT_OBJDIR ".libs/"
#define HAVE_RDRND 1
#define HAVE_BMI1 1
#define HAVE_BMI2 1
#define HAVE_ADX 1
#define HAVE_MPX 1
#define HAVE_ABM 1
#define HAVE_MMX 1
#define HAVE_SSE 1
#define HAVE_SSE2 1
#define HAVE_SSE3 1
#define HAVE_SSSE3 1
#define HAVE_SSE4_1 1
#define HAVE_SSE4_2 1
#define HAVE_AES 1
#define HAVE_AVX 1
#define HAVE_FMA3 1
#define HAVE_AVX2 1
#define HAVE_MM_MALLOC /**/
#define HAVE_POSIX_MEMALIGN 1
#define HAVE_OPENMP 1
#define NDEBUG 1
#define M4RI_BUILDING_M4RI 1

configure: exit 0
